<?xml version="1.0" encoding="UTF-8"?>
<!-- Generated by org.testng.reporters.JUnitXMLReporter -->
<testsuite hostname="DESKTOP-EOAE9GL" ignored="0" name="Test" tests="1" failures="1" timestamp="27 Sep 2024 07:26:38 GMT" time="78.741" errors="0">
  <testcase name="scenario" time="75.587" classname="com.qt.sid.bdd.Runner.TestRunner">
    <failure type="java.lang.AssertionError" message="Agriculture course is Not Displayed expected [true] but found [false]">
      <![CDATA[java.lang.AssertionError: Agriculture course is Not Displayed expected [true] but found [false]
at com.qt.sid.stepdefinitions.TrainingSteps.i_select_low_to_high(TrainingSteps.java:49)
at ✽.i select low to high and verify(file:///C:/Automation/SkillIndiaDigital_Web_20_Feb2024_AutomationFramework/SkillIndiaDigital_Web_28AugustCode/SkillIndiaDigital_Web_26JulyMerged/src/test/resources/features/Training.feature:11)
... Removed 3 stack frames]]>
    </failure>
  </testcase> <!-- scenario -->
</testsuite> <!-- Test -->
