-------------------------------------------------------------------------------
Test set: TestSuite
-------------------------------------------------------------------------------
Tests run: 1, Failures: 1, Errors: 0, Skipped: 0, Time elapsed: 80.266 s <<< FAILURE! - in TestSuite
com.qt.sid.bdd.Runner.TestRunner.scenario["Verify user is able to select agriculture course", "Optional[User is able to navigate to landing Page]"](1)  Time elapsed: 75.605 s  <<< FAILURE!
java.lang.AssertionError: Agriculture course is Not Displayed expected [true] but found [false]

