<?xml version="1.0" encoding="UTF-8"?>
<!-- Generated by org.testng.reporters.JUnitReportReporter -->
<testsuite skipped="0" hostname="DESKTOP-EOAE9GL" name="com.qt.sid.bdd.Runner.TestRunner" tests="1" failures="1" timestamp="27 Sep 2024 07:26:38 GMT" time="75.587" errors="0">
  <testcase name="scenario" time="75.587" classname="com.qt.sid.bdd.Runner.TestRunner">
    <failure type="java.lang.AssertionError" message="Agriculture course is Not Displayed expected [true] but found [false]">
      <![CDATA[java.lang.AssertionError: Agriculture course is Not Displayed expected [true] but found [false]
at org.testng.Assert.fail(Assert.java:96)
at org.testng.Assert.failNotEquals(Assert.java:776)
at org.testng.Assert.assertTrue(Assert.java:44)
at com.qt.sid.stepdefinitions.TrainingSteps.i_select_low_to_high(TrainingSteps.java:49)
at ✽.i select low to high and verify(file:///C:/Automation/SkillIndiaDigital_Web_20_Feb2024_AutomationFramework/SkillIndiaDigital_Web_28AugustCode/SkillIndiaDigital_Web_26JulyMerged/src/test/resources/features/Training.feature:11)
]]>
    </failure>
  </testcase> <!-- scenario -->
</testsuite> <!-- com.qt.sid.bdd.Runner.TestRunner -->
